<?xml version="1.0" encoding="UTF-8"?>
<!-- Generated by org.testng.reporters.JUnitReportReporter -->
<testsuite hostname="fabrizio-P65" failures="0" tests="102" name="cs.lab.ValidatorTest" time="2.672" errors="0" timestamp="2020-10-08T10:27:29 PET" skipped="0">
  <testcase classname="cs.lab.ValidatorTest" name="testCase1" time="0.001"/>
  <testcase classname="cs.lab.ValidatorTest" name="testCase1" time="0.015"/>
  <testcase classname="cs.lab.ValidatorTest" name="testCase1" time="0.038"/>
  <testcase classname="cs.lab.ValidatorTest" name="testCase1" time="0.001"/>
  <testcase classname="cs.lab.ValidatorTest" name="testCase1" time="0.009"/>
  <testcase classname="cs.lab.ValidatorTest" name="testCase1" time="0.000"/>
  <testcase classname="cs.lab.ValidatorTest" name="testCase1" time="0.040"/>
  <testcase classname="cs.lab.ValidatorTest" name="testCase1" time="0.011"/>
  <testcase classname="cs.lab.ValidatorTest" name="testCase1" time="0.048"/>
  <testcase classname="cs.lab.ValidatorTest" name="testCase1" time="0.037"/>
  <testcase classname="cs.lab.ValidatorTest" name="testCase1" time="0.000"/>
  <testcase classname="cs.lab.ValidatorTest" name="testCase1" time="0.039"/>
  <testcase classname="cs.lab.ValidatorTest" name="testCase1" time="0.037"/>
  <testcase classname="cs.lab.ValidatorTest" name="testCase1" time="0.048"/>
  <testcase classname="cs.lab.ValidatorTest" name="testCase1" time="0.028"/>
  <testcase classname="cs.lab.ValidatorTest" name="testCase1" time="0.008"/>
  <testcase classname="cs.lab.ValidatorTest" name="testCase1" time="0.039"/>
  <testcase classname="cs.lab.ValidatorTest" name="testCase1" time="0.037"/>
  <testcase classname="cs.lab.ValidatorTest" name="testCase1" time="0.024"/>
  <testcase classname="cs.lab.ValidatorTest" name="testCase1" time="0.038"/>
  <testcase classname="cs.lab.ValidatorTest" name="testCase1" time="0.049"/>
  <testcase classname="cs.lab.ValidatorTest" name="testCase1" time="0.046"/>
  <testcase classname="cs.lab.ValidatorTest" name="testCase1" time="0.004"/>
  <testcase classname="cs.lab.ValidatorTest" name="testCase1" time="0.038"/>
  <testcase classname="cs.lab.ValidatorTest" name="testCase1" time="0.041"/>
  <testcase classname="cs.lab.ValidatorTest" name="testCase1" time="0.014"/>
  <testcase classname="cs.lab.ValidatorTest" name="testCase1" time="0.049"/>
  <testcase classname="cs.lab.ValidatorTest" name="testCase1" time="0.047"/>
  <testcase classname="cs.lab.ValidatorTest" name="testCase1" time="0.012"/>
  <testcase classname="cs.lab.ValidatorTest" name="testCase1" time="0.051"/>
  <testcase classname="cs.lab.ValidatorTest" name="testCase1" time="0.011"/>
  <testcase classname="cs.lab.ValidatorTest" name="testCase1" time="0.000"/>
  <testcase classname="cs.lab.ValidatorTest" name="testCase1" time="0.043"/>
  <testcase classname="cs.lab.ValidatorTest" name="testCase1" time="0.040"/>
  <testcase classname="cs.lab.ValidatorTest" name="testCase1" time="0.051"/>
  <testcase classname="cs.lab.ValidatorTest" name="testCase1" time="0.037"/>
  <testcase classname="cs.lab.ValidatorTest" name="testCase1" time="0.000"/>
  <testcase classname="cs.lab.ValidatorTest" name="testCase1" time="0.029"/>
  <testcase classname="cs.lab.ValidatorTest" name="testIncorrectFormat" time="0.000"/>
  <testcase classname="cs.lab.ValidatorTest" name="testCase1" time="0.045"/>
  <testcase classname="cs.lab.ValidatorTest" name="testCase1" time="0.037"/>
  <testcase classname="cs.lab.ValidatorTest" name="testCase1" time="0.037"/>
  <testcase classname="cs.lab.ValidatorTest" name="testCase1" time="0.040"/>
  <testcase classname="cs.lab.ValidatorTest" name="testCase1" time="0.036"/>
  <testcase classname="cs.lab.ValidatorTest" name="testCase1" time="0.035"/>
  <testcase classname="cs.lab.ValidatorTest" name="testCase1" time="0.040"/>
  <testcase classname="cs.lab.ValidatorTest" name="testCase1" time="0.037"/>
  <testcase classname="cs.lab.ValidatorTest" name="testCase1" time="0.041"/>
  <testcase classname="cs.lab.ValidatorTest" name="testCase1" time="0.000"/>
  <testcase classname="cs.lab.ValidatorTest" name="testCase1" time="0.001"/>
  <testcase classname="cs.lab.ValidatorTest" name="testCase1" time="0.005"/>
  <testcase classname="cs.lab.ValidatorTest" name="testCase1" time="0.000"/>
  <testcase classname="cs.lab.ValidatorTest" name="testCase1" time="0.023"/>
  <testcase classname="cs.lab.ValidatorTest" name="testCase1" time="0.038"/>
  <testcase classname="cs.lab.ValidatorTest" name="testCase1" time="0.045"/>
  <testcase classname="cs.lab.ValidatorTest" name="testCase1" time="0.001"/>
  <testcase classname="cs.lab.ValidatorTest" name="testCase1" time="0.039"/>
  <testcase classname="cs.lab.ValidatorTest" name="testCase1" time="0.039"/>
  <testcase classname="cs.lab.ValidatorTest" name="testCase1" time="0.027"/>
  <testcase classname="cs.lab.ValidatorTest" name="testCase1" time="0.012"/>
  <testcase classname="cs.lab.ValidatorTest" name="testCase1" time="0.043"/>
  <testcase classname="cs.lab.ValidatorTest" name="testCase1" time="0.037"/>
  <testcase classname="cs.lab.ValidatorTest" name="testCase1" time="0.014"/>
  <testcase classname="cs.lab.ValidatorTest" name="testCase1" time="0.000"/>
  <testcase classname="cs.lab.ValidatorTest" name="testCase1" time="0.051"/>
  <testcase classname="cs.lab.ValidatorTest" name="testCase1" time="0.047"/>
  <testcase classname="cs.lab.ValidatorTest" name="testCase1" time="0.000"/>
  <testcase classname="cs.lab.ValidatorTest" name="testCase1" time="0.034"/>
  <testcase classname="cs.lab.ValidatorTest" name="testCase1" time="0.038"/>
  <testcase classname="cs.lab.ValidatorTest" name="testCase1" time="0.039"/>
  <testcase classname="cs.lab.ValidatorTest" name="testCase1" time="0.001"/>
  <testcase classname="cs.lab.ValidatorTest" name="testCase1" time="0.048"/>
  <testcase classname="cs.lab.ValidatorTest" name="testCase1" time="0.000"/>
  <testcase classname="cs.lab.ValidatorTest" name="testCase1" time="0.000"/>
  <testcase classname="cs.lab.ValidatorTest" name="testCase1" time="0.051"/>
  <testcase classname="cs.lab.ValidatorTest" name="testCase1" time="0.015"/>
  <testcase classname="cs.lab.ValidatorTest" name="testCase1" time="0.029"/>
  <testcase classname="cs.lab.ValidatorTest" name="testCase1" time="0.040"/>
  <testcase classname="cs.lab.ValidatorTest" name="testCase1" time="0.000"/>
  <testcase classname="cs.lab.ValidatorTest" name="testCase1" time="0.001"/>
  <testcase classname="cs.lab.ValidatorTest" name="testCase1" time="0.012"/>
  <testcase classname="cs.lab.ValidatorTest" name="testCase1" time="0.000"/>
  <testcase classname="cs.lab.ValidatorTest" name="testCase1" time="0.046"/>
  <testcase classname="cs.lab.ValidatorTest" name="testCase1" time="0.012"/>
  <testcase classname="cs.lab.ValidatorTest" name="testCase1" time="0.038"/>
  <testcase classname="cs.lab.ValidatorTest" name="testCase1" time="0.037"/>
  <testcase classname="cs.lab.ValidatorTest" name="testCase1" time="0.039"/>
  <testcase classname="cs.lab.ValidatorTest" name="testCase1" time="0.048"/>
  <testcase classname="cs.lab.ValidatorTest" name="testCase2" time="0.001"/>
  <testcase classname="cs.lab.ValidatorTest" name="testCase1" time="0.009"/>
  <testcase classname="cs.lab.ValidatorTest" name="testCase1" time="0.039"/>
  <testcase classname="cs.lab.ValidatorTest" name="testCase1" time="0.044"/>
  <testcase classname="cs.lab.ValidatorTest" name="testCase1" time="0.040"/>
  <testcase classname="cs.lab.ValidatorTest" name="testCase1" time="0.038"/>
  <testcase classname="cs.lab.ValidatorTest" name="testCase1" time="0.000"/>
  <testcase classname="cs.lab.ValidatorTest" name="testCase1" time="0.000"/>
  <testcase classname="cs.lab.ValidatorTest" name="testCase1" time="0.000"/>
  <testcase classname="cs.lab.ValidatorTest" name="testCase1" time="0.037"/>
  <testcase classname="cs.lab.ValidatorTest" name="testCase1" time="0.012"/>
  <testcase classname="cs.lab.ValidatorTest" name="testCase1" time="0.019"/>
  <testcase classname="cs.lab.ValidatorTest" name="testCase1" time="0.045"/>
  <testcase classname="cs.lab.ValidatorTest" name="testCase1" time="0.030"/>
</testsuite> <!-- cs.lab.ValidatorTest -->
