<?xml version="1.0" encoding="UTF-8"?>
<!-- Generated by org.testng.reporters.JUnitReportReporter -->
<testsuite hostname="fabrizio-P65" failures="0" tests="101" name="cs.lab.ValidatorTest" time="1.680" errors="0" timestamp="2020-10-08T09:58:13 PET" skipped="0">
  <testcase classname="cs.lab.ValidatorTest" name="testCase1" time="0.000"/>
  <testcase classname="cs.lab.ValidatorTest" name="testCase1" time="0.000"/>
  <testcase classname="cs.lab.ValidatorTest" name="testCase1" time="0.003"/>
  <testcase classname="cs.lab.ValidatorTest" name="testCase1" time="0.002"/>
  <testcase classname="cs.lab.ValidatorTest" name="testCase1" time="0.000"/>
  <testcase classname="cs.lab.ValidatorTest" name="testCase1" time="0.000"/>
  <testcase classname="cs.lab.ValidatorTest" name="testCase1" time="0.000"/>
  <testcase classname="cs.lab.ValidatorTest" name="testCase1" time="0.000"/>
  <testcase classname="cs.lab.ValidatorTest" name="testCase1" time="0.016"/>
  <testcase classname="cs.lab.ValidatorTest" name="testCase1" time="0.040"/>
  <testcase classname="cs.lab.ValidatorTest" name="testCase1" time="0.039"/>
  <testcase classname="cs.lab.ValidatorTest" name="testCase1" time="0.000"/>
  <testcase classname="cs.lab.ValidatorTest" name="testCase1" time="0.038"/>
  <testcase classname="cs.lab.ValidatorTest" name="testCase1" time="0.040"/>
  <testcase classname="cs.lab.ValidatorTest" name="testCase1" time="0.000"/>
  <testcase classname="cs.lab.ValidatorTest" name="testCase1" time="0.000"/>
  <testcase classname="cs.lab.ValidatorTest" name="testCase1" time="0.040"/>
  <testcase classname="cs.lab.ValidatorTest" name="testCase1" time="0.000"/>
  <testcase classname="cs.lab.ValidatorTest" name="testCase1" time="0.040"/>
  <testcase classname="cs.lab.ValidatorTest" name="testCase1" time="0.000"/>
  <testcase classname="cs.lab.ValidatorTest" name="testCase1" time="0.040"/>
  <testcase classname="cs.lab.ValidatorTest" name="testCase1" time="0.000"/>
  <testcase classname="cs.lab.ValidatorTest" name="testCase1" time="0.038"/>
  <testcase classname="cs.lab.ValidatorTest" name="testCase1" time="0.039"/>
  <testcase classname="cs.lab.ValidatorTest" name="testIncorrectFormat" time="0.000"/>
  <testcase classname="cs.lab.ValidatorTest" name="testCase1" time="0.001"/>
  <testcase classname="cs.lab.ValidatorTest" name="testCase1" time="0.009"/>
  <testcase classname="cs.lab.ValidatorTest" name="testCase1" time="0.005"/>
  <testcase classname="cs.lab.ValidatorTest" name="testCase1" time="0.005"/>
  <testcase classname="cs.lab.ValidatorTest" name="testCase1" time="0.038"/>
  <testcase classname="cs.lab.ValidatorTest" name="testCase1" time="0.000"/>
  <testcase classname="cs.lab.ValidatorTest" name="testCase1" time="0.015"/>
  <testcase classname="cs.lab.ValidatorTest" name="testCase1" time="0.039"/>
  <testcase classname="cs.lab.ValidatorTest" name="testCase1" time="0.000"/>
  <testcase classname="cs.lab.ValidatorTest" name="testCase1" time="0.039"/>
  <testcase classname="cs.lab.ValidatorTest" name="testCase1" time="0.040"/>
  <testcase classname="cs.lab.ValidatorTest" name="testCase1" time="0.040"/>
  <testcase classname="cs.lab.ValidatorTest" name="testCase1" time="0.000"/>
  <testcase classname="cs.lab.ValidatorTest" name="testCase1" time="0.038"/>
  <testcase classname="cs.lab.ValidatorTest" name="testCase1" time="0.000"/>
  <testcase classname="cs.lab.ValidatorTest" name="testCase1" time="0.000"/>
  <testcase classname="cs.lab.ValidatorTest" name="testCase1" time="0.039"/>
  <testcase classname="cs.lab.ValidatorTest" name="testCase1" time="0.038"/>
  <testcase classname="cs.lab.ValidatorTest" name="testCase1" time="0.003"/>
  <testcase classname="cs.lab.ValidatorTest" name="testCase1" time="0.000"/>
  <testcase classname="cs.lab.ValidatorTest" name="testCase1" time="0.040"/>
  <testcase classname="cs.lab.ValidatorTest" name="testCase1" time="0.000"/>
  <testcase classname="cs.lab.ValidatorTest" name="testCase1" time="0.000"/>
  <testcase classname="cs.lab.ValidatorTest" name="testCase1" time="0.000"/>
  <testcase classname="cs.lab.ValidatorTest" name="testCase1" time="0.016"/>
  <testcase classname="cs.lab.ValidatorTest" name="testCase1" time="0.000"/>
  <testcase classname="cs.lab.ValidatorTest" name="testCase1" time="0.039"/>
  <testcase classname="cs.lab.ValidatorTest" name="testCase1" time="0.000"/>
  <testcase classname="cs.lab.ValidatorTest" name="testCase1" time="0.001"/>
  <testcase classname="cs.lab.ValidatorTest" name="testCase1" time="0.038"/>
  <testcase classname="cs.lab.ValidatorTest" name="testCase1" time="0.000"/>
  <testcase classname="cs.lab.ValidatorTest" name="testCase1" time="0.039"/>
  <testcase classname="cs.lab.ValidatorTest" name="testCase1" time="0.040"/>
  <testcase classname="cs.lab.ValidatorTest" name="testCase1" time="0.000"/>
  <testcase classname="cs.lab.ValidatorTest" name="testCase1" time="0.038"/>
  <testcase classname="cs.lab.ValidatorTest" name="testCase1" time="0.015"/>
  <testcase classname="cs.lab.ValidatorTest" name="testCase1" time="0.001"/>
  <testcase classname="cs.lab.ValidatorTest" name="testCase1" time="0.000"/>
  <testcase classname="cs.lab.ValidatorTest" name="testCase1" time="0.000"/>
  <testcase classname="cs.lab.ValidatorTest" name="testCase1" time="0.001"/>
  <testcase classname="cs.lab.ValidatorTest" name="testCase1" time="0.039"/>
  <testcase classname="cs.lab.ValidatorTest" name="testCase1" time="0.021"/>
  <testcase classname="cs.lab.ValidatorTest" name="testCase1" time="0.001"/>
  <testcase classname="cs.lab.ValidatorTest" name="testCase1" time="0.001"/>
  <testcase classname="cs.lab.ValidatorTest" name="testCase1" time="0.000"/>
  <testcase classname="cs.lab.ValidatorTest" name="testCase1" time="0.016"/>
  <testcase classname="cs.lab.ValidatorTest" name="testCase1" time="0.000"/>
  <testcase classname="cs.lab.ValidatorTest" name="testCase1" time="0.040"/>
  <testcase classname="cs.lab.ValidatorTest" name="testCase1" time="0.040"/>
  <testcase classname="cs.lab.ValidatorTest" name="testCase1" time="0.000"/>
  <testcase classname="cs.lab.ValidatorTest" name="testCase1" time="0.039"/>
  <testcase classname="cs.lab.ValidatorTest" name="testCase1" time="0.000"/>
  <testcase classname="cs.lab.ValidatorTest" name="testCase1" time="0.040"/>
  <testcase classname="cs.lab.ValidatorTest" name="testCase1" time="0.013"/>
  <testcase classname="cs.lab.ValidatorTest" name="testCase1" time="0.040"/>
  <testcase classname="cs.lab.ValidatorTest" name="testCase1" time="0.000"/>
  <testcase classname="cs.lab.ValidatorTest" name="testCase1" time="0.000"/>
  <testcase classname="cs.lab.ValidatorTest" name="testCase1" time="0.040"/>
  <testcase classname="cs.lab.ValidatorTest" name="testCase1" time="0.038"/>
  <testcase classname="cs.lab.ValidatorTest" name="testCase1" time="0.006"/>
  <testcase classname="cs.lab.ValidatorTest" name="testCase1" time="0.001"/>
  <testcase classname="cs.lab.ValidatorTest" name="testCase1" time="0.000"/>
  <testcase classname="cs.lab.ValidatorTest" name="testCase1" time="0.039"/>
  <testcase classname="cs.lab.ValidatorTest" name="testCase1" time="0.038"/>
  <testcase classname="cs.lab.ValidatorTest" name="testCase1" time="0.040"/>
  <testcase classname="cs.lab.ValidatorTest" name="testCase1" time="0.040"/>
  <testcase classname="cs.lab.ValidatorTest" name="testCase1" time="0.000"/>
  <testcase classname="cs.lab.ValidatorTest" name="testCase1" time="0.000"/>
  <testcase classname="cs.lab.ValidatorTest" name="testCase1" time="0.002"/>
  <testcase classname="cs.lab.ValidatorTest" name="testCase1" time="0.038"/>
  <testcase classname="cs.lab.ValidatorTest" name="testCase1" time="0.021"/>
  <testcase classname="cs.lab.ValidatorTest" name="testCase1" time="0.000"/>
  <testcase classname="cs.lab.ValidatorTest" name="testCase1" time="0.039"/>
  <testcase classname="cs.lab.ValidatorTest" name="testCase1" time="0.000"/>
  <testcase classname="cs.lab.ValidatorTest" name="testCase1" time="0.040"/>
  <testcase classname="cs.lab.ValidatorTest" name="testCase1" time="0.016"/>
</testsuite> <!-- cs.lab.ValidatorTest -->
