<?xml version="1.0" encoding="UTF-8"?>
<!-- Generated by org.testng.reporters.JUnitReportReporter -->
<testsuite hostname="fabrizio-P65" failures="0" tests="101" name="cs.lab.ValidatorTest" time="1.942" errors="0" timestamp="2020-10-08T10:00:16 PET" skipped="0">
  <testcase classname="cs.lab.ValidatorTest" name="testCase1" time="0.047"/>
  <testcase classname="cs.lab.ValidatorTest" name="testCase1" time="0.003"/>
  <testcase classname="cs.lab.ValidatorTest" name="testCase1" time="0.047"/>
  <testcase classname="cs.lab.ValidatorTest" name="testCase1" time="0.001"/>
  <testcase classname="cs.lab.ValidatorTest" name="testCase1" time="0.000"/>
  <testcase classname="cs.lab.ValidatorTest" name="testCase1" time="0.025"/>
  <testcase classname="cs.lab.ValidatorTest" name="testCase1" time="0.001"/>
  <testcase classname="cs.lab.ValidatorTest" name="testCase1" time="0.000"/>
  <testcase classname="cs.lab.ValidatorTest" name="testCase1" time="0.007"/>
  <testcase classname="cs.lab.ValidatorTest" name="testCase1" time="0.043"/>
  <testcase classname="cs.lab.ValidatorTest" name="testCase1" time="0.019"/>
  <testcase classname="cs.lab.ValidatorTest" name="testCase1" time="0.047"/>
  <testcase classname="cs.lab.ValidatorTest" name="testCase1" time="0.000"/>
  <testcase classname="cs.lab.ValidatorTest" name="testCase1" time="0.051"/>
  <testcase classname="cs.lab.ValidatorTest" name="testCase1" time="0.044"/>
  <testcase classname="cs.lab.ValidatorTest" name="testCase1" time="0.007"/>
  <testcase classname="cs.lab.ValidatorTest" name="testCase1" time="0.047"/>
  <testcase classname="cs.lab.ValidatorTest" name="testCase1" time="0.000"/>
  <testcase classname="cs.lab.ValidatorTest" name="testCase1" time="0.044"/>
  <testcase classname="cs.lab.ValidatorTest" name="testCase1" time="0.000"/>
  <testcase classname="cs.lab.ValidatorTest" name="testCase1" time="0.000"/>
  <testcase classname="cs.lab.ValidatorTest" name="testCase1" time="0.044"/>
  <testcase classname="cs.lab.ValidatorTest" name="testCase1" time="0.000"/>
  <testcase classname="cs.lab.ValidatorTest" name="testCase1" time="0.048"/>
  <testcase classname="cs.lab.ValidatorTest" name="testCase1" time="0.044"/>
  <testcase classname="cs.lab.ValidatorTest" name="testCase1" time="0.000"/>
  <testcase classname="cs.lab.ValidatorTest" name="testCase1" time="0.040"/>
  <testcase classname="cs.lab.ValidatorTest" name="testCase1" time="0.045"/>
  <testcase classname="cs.lab.ValidatorTest" name="testCase1" time="0.014"/>
  <testcase classname="cs.lab.ValidatorTest" name="testCase1" time="0.000"/>
  <testcase classname="cs.lab.ValidatorTest" name="testCase1" time="0.029"/>
  <testcase classname="cs.lab.ValidatorTest" name="testCase1" time="0.041"/>
  <testcase classname="cs.lab.ValidatorTest" name="testCase1" time="0.036"/>
  <testcase classname="cs.lab.ValidatorTest" name="testCase1" time="0.011"/>
  <testcase classname="cs.lab.ValidatorTest" name="testCase1" time="0.047"/>
  <testcase classname="cs.lab.ValidatorTest" name="testCase1" time="0.045"/>
  <testcase classname="cs.lab.ValidatorTest" name="testIncorrectFormat" time="0.000"/>
  <testcase classname="cs.lab.ValidatorTest" name="testCase1" time="0.001"/>
  <testcase classname="cs.lab.ValidatorTest" name="testCase1" time="0.000"/>
  <testcase classname="cs.lab.ValidatorTest" name="testCase1" time="0.003"/>
  <testcase classname="cs.lab.ValidatorTest" name="testCase1" time="0.045"/>
  <testcase classname="cs.lab.ValidatorTest" name="testCase1" time="0.000"/>
  <testcase classname="cs.lab.ValidatorTest" name="testCase1" time="0.001"/>
  <testcase classname="cs.lab.ValidatorTest" name="testCase1" time="0.000"/>
  <testcase classname="cs.lab.ValidatorTest" name="testCase1" time="0.049"/>
  <testcase classname="cs.lab.ValidatorTest" name="testCase1" time="0.000"/>
  <testcase classname="cs.lab.ValidatorTest" name="testCase1" time="0.045"/>
  <testcase classname="cs.lab.ValidatorTest" name="testCase1" time="0.045"/>
  <testcase classname="cs.lab.ValidatorTest" name="testCase1" time="0.000"/>
  <testcase classname="cs.lab.ValidatorTest" name="testCase1" time="0.044"/>
  <testcase classname="cs.lab.ValidatorTest" name="testCase1" time="0.000"/>
  <testcase classname="cs.lab.ValidatorTest" name="testCase1" time="0.000"/>
  <testcase classname="cs.lab.ValidatorTest" name="testCase1" time="0.044"/>
  <testcase classname="cs.lab.ValidatorTest" name="testCase1" time="0.005"/>
  <testcase classname="cs.lab.ValidatorTest" name="testCase1" time="0.012"/>
  <testcase classname="cs.lab.ValidatorTest" name="testCase1" time="0.003"/>
  <testcase classname="cs.lab.ValidatorTest" name="testCase1" time="0.030"/>
  <testcase classname="cs.lab.ValidatorTest" name="testCase1" time="0.045"/>
  <testcase classname="cs.lab.ValidatorTest" name="testCase1" time="0.001"/>
  <testcase classname="cs.lab.ValidatorTest" name="testCase1" time="0.001"/>
  <testcase classname="cs.lab.ValidatorTest" name="testCase1" time="0.012"/>
  <testcase classname="cs.lab.ValidatorTest" name="testCase1" time="0.002"/>
  <testcase classname="cs.lab.ValidatorTest" name="testCase1" time="0.000"/>
  <testcase classname="cs.lab.ValidatorTest" name="testCase1" time="0.013"/>
  <testcase classname="cs.lab.ValidatorTest" name="testCase1" time="0.003"/>
  <testcase classname="cs.lab.ValidatorTest" name="testCase1" time="0.036"/>
  <testcase classname="cs.lab.ValidatorTest" name="testCase1" time="0.000"/>
  <testcase classname="cs.lab.ValidatorTest" name="testCase1" time="0.003"/>
  <testcase classname="cs.lab.ValidatorTest" name="testCase1" time="0.045"/>
  <testcase classname="cs.lab.ValidatorTest" name="testCase1" time="0.000"/>
  <testcase classname="cs.lab.ValidatorTest" name="testCase1" time="0.002"/>
  <testcase classname="cs.lab.ValidatorTest" name="testCase1" time="0.000"/>
  <testcase classname="cs.lab.ValidatorTest" name="testCase1" time="0.009"/>
  <testcase classname="cs.lab.ValidatorTest" name="testCase1" time="0.000"/>
  <testcase classname="cs.lab.ValidatorTest" name="testCase1" time="0.000"/>
  <testcase classname="cs.lab.ValidatorTest" name="testCase1" time="0.014"/>
  <testcase classname="cs.lab.ValidatorTest" name="testCase1" time="0.001"/>
  <testcase classname="cs.lab.ValidatorTest" name="testCase1" time="0.044"/>
  <testcase classname="cs.lab.ValidatorTest" name="testCase1" time="0.045"/>
  <testcase classname="cs.lab.ValidatorTest" name="testCase1" time="0.046"/>
  <testcase classname="cs.lab.ValidatorTest" name="testCase1" time="0.019"/>
  <testcase classname="cs.lab.ValidatorTest" name="testCase1" time="0.049"/>
  <testcase classname="cs.lab.ValidatorTest" name="testCase1" time="0.036"/>
  <testcase classname="cs.lab.ValidatorTest" name="testCase1" time="0.000"/>
  <testcase classname="cs.lab.ValidatorTest" name="testCase1" time="0.012"/>
  <testcase classname="cs.lab.ValidatorTest" name="testCase1" time="0.000"/>
  <testcase classname="cs.lab.ValidatorTest" name="testCase1" time="0.000"/>
  <testcase classname="cs.lab.ValidatorTest" name="testCase1" time="0.000"/>
  <testcase classname="cs.lab.ValidatorTest" name="testCase1" time="0.000"/>
  <testcase classname="cs.lab.ValidatorTest" name="testCase1" time="0.000"/>
  <testcase classname="cs.lab.ValidatorTest" name="testCase1" time="0.030"/>
  <testcase classname="cs.lab.ValidatorTest" name="testCase1" time="0.009"/>
  <testcase classname="cs.lab.ValidatorTest" name="testCase1" time="0.045"/>
  <testcase classname="cs.lab.ValidatorTest" name="testCase1" time="0.019"/>
  <testcase classname="cs.lab.ValidatorTest" name="testCase1" time="0.049"/>
  <testcase classname="cs.lab.ValidatorTest" name="testCase1" time="0.000"/>
  <testcase classname="cs.lab.ValidatorTest" name="testCase1" time="0.045"/>
  <testcase classname="cs.lab.ValidatorTest" name="testCase1" time="0.047"/>
  <testcase classname="cs.lab.ValidatorTest" name="testCase1" time="0.001"/>
  <testcase classname="cs.lab.ValidatorTest" name="testCase1" time="0.036"/>
  <testcase classname="cs.lab.ValidatorTest" name="testCase1" time="0.019"/>
</testsuite> <!-- cs.lab.ValidatorTest -->
